c:\users\ong sze swee\documents\atlassian\repositories\graphics-viz\curves-surfaces\release\vc140.pdb
c:\users\ong sze swee\documents\atlassian\repositories\graphics-viz\curves-surfaces\release\vector4f.obj
c:\users\ong sze swee\documents\atlassian\repositories\graphics-viz\curves-surfaces\release\vector3f.obj
c:\users\ong sze swee\documents\atlassian\repositories\graphics-viz\curves-surfaces\release\vector2f.obj
c:\users\ong sze swee\documents\atlassian\repositories\graphics-viz\curves-surfaces\release\quat4f.obj
c:\users\ong sze swee\documents\atlassian\repositories\graphics-viz\curves-surfaces\release\matrix4f.obj
c:\users\ong sze swee\documents\atlassian\repositories\graphics-viz\curves-surfaces\release\matrix3f.obj
c:\users\ong sze swee\documents\atlassian\repositories\graphics-viz\curves-surfaces\release\matrix2f.obj
c:\users\ong sze swee\documents\atlassian\repositories\graphics-viz\curves-surfaces\release\surf.obj
c:\users\ong sze swee\documents\atlassian\repositories\graphics-viz\curves-surfaces\release\parse.obj
c:\users\ong sze swee\documents\atlassian\repositories\graphics-viz\curves-surfaces\release\main.obj
c:\users\ong sze swee\documents\atlassian\repositories\graphics-viz\curves-surfaces\release\curve.obj
c:\users\ong sze swee\documents\atlassian\repositories\graphics-viz\curves-surfaces\release\camera.obj
c:\users\ong sze swee\documents\atlassian\repositories\graphics-viz\curves-surfaces\release\one.exe
c:\users\ong sze swee\documents\atlassian\repositories\graphics-viz\curves-surfaces\release\one.pdb
c:\users\ong sze swee\documents\atlassian\repositories\graphics-viz\curves-surfaces\release\one.tlog\cl.command.1.tlog
c:\users\ong sze swee\documents\atlassian\repositories\graphics-viz\curves-surfaces\release\one.tlog\cl.read.1.tlog
c:\users\ong sze swee\documents\atlassian\repositories\graphics-viz\curves-surfaces\release\one.tlog\cl.write.1.tlog
c:\users\ong sze swee\documents\atlassian\repositories\graphics-viz\curves-surfaces\release\one.tlog\link.command.1.tlog
c:\users\ong sze swee\documents\atlassian\repositories\graphics-viz\curves-surfaces\release\one.tlog\link.read.1.tlog
c:\users\ong sze swee\documents\atlassian\repositories\graphics-viz\curves-surfaces\release\one.tlog\link.write.1.tlog
