Build started 13/02/2017 23:58:55.
     1>Project "C:\Users\Ong Sze Swee\Documents\Atlassian\Repositories\graphics-viz\curves-surfaces\one.vcxproj" on node 2 (Rebuild target(s)).
     1>ClCompile:
         C:\Program Files (x86)\Microsoft Visual Studio\VC\bin\CL.exe /c /Zi /nologo /W3 /WX- /O2 /Oy- /D WIN32 /D NDEBUG /D _CONSOLE /Gm- /EHsc /MD /GS /fp:precise /Zc:wchar_t /Zc:forScope /Zc:inline /Fo"Release\\" /Fd"Release\vc140.pdb" /Gd /TP /analyze- /errorReport:prompt camera.cpp curve.cpp main.cpp parse.cpp surf.cpp vecmath\src\Matrix2f.cpp vecmath\src\Matrix3f.cpp vecmath\src\Matrix4f.cpp vecmath\src\Quat4f.cpp vecmath\src\Vector2f.cpp vecmath\src\Vector3f.cpp vecmath\src\Vector4f.cpp
         camera.cpp
     1>camera.cpp(187): warning C4244: 'initializing': conversion from 'double' to 'float', possible loss of data
         curve.cpp
     1>curve.cpp(31): warning C4018: '<': signed/unsigned mismatch
     1>curve.cpp(121): warning C4305: 'argument': truncation from 'double' to 'float'
     1>curve.cpp(150): warning C4244: 'initializing': conversion from 'double' to 'float', possible loss of data
         main.cpp
     1>main.cpp(249): warning C4838: conversion from 'double' to 'GLfloat' requires a narrowing conversion
     1>main.cpp(249): warning C4305: 'initializing': truncation from 'double' to 'GLfloat'
     1>main.cpp(250): warning C4838: conversion from 'double' to 'GLfloat' requires a narrowing conversion
     1>main.cpp(250): warning C4305: 'initializing': truncation from 'double' to 'GLfloat'
         parse.cpp
         surf.cpp
         Matrix2f.cpp
         Matrix3f.cpp
         Matrix4f.cpp
         Quat4f.cpp
         Vector2f.cpp
         Vector3f.cpp
         Vector4f.cpp
         Generating Code...
       Link:
         C:\Program Files (x86)\Microsoft Visual Studio\VC\bin\link.exe /ERRORREPORT:PROMPT /OUT:"C:\Users\Ong Sze Swee\Documents\Atlassian\Repositories\graphics-viz\curves-surfaces\Release\one.exe" /INCREMENTAL /NOLOGO kernel32.lib user32.lib gdi32.lib winspool.lib comdlg32.lib advapi32.lib shell32.lib ole32.lib oleaut32.lib uuid.lib odbc32.lib odbccp32.lib /MANIFEST /MANIFESTUAC:"level='asInvoker' uiAccess='false'" /manifest:embed /Debug /PDB:"C:\Users\Ong Sze Swee\Documents\Atlassian\Repositories\graphics-viz\curves-surfaces\Release\one.pdb" /SUBSYSTEM:CONSOLE /OPT:REF /OPT:ICF /TLBID:1 /DYNAMICBASE /NXCOMPAT /IMPLIB:"C:\Users\Ong Sze Swee\Documents\Atlassian\Repositories\graphics-viz\curves-surfaces\Release\one.lib" /MACHINE:X86 /SAFESEH Release\camera.obj
         Release\curve.obj
         Release\main.obj
         Release\parse.obj
         Release\surf.obj
         Release\Matrix2f.obj
         Release\Matrix3f.obj
         Release\Matrix4f.obj
         Release\Quat4f.obj
         Release\Vector2f.obj
         Release\Vector3f.obj
         Release\Vector4f.obj
     1>LINK : warning LNK4075: ignoring '/INCREMENTAL' due to '/OPT:ICF' specification
         one.vcxproj -> C:\Users\Ong Sze Swee\Documents\Atlassian\Repositories\graphics-viz\curves-surfaces\Release\one.exe
     1>Done Building Project "C:\Users\Ong Sze Swee\Documents\Atlassian\Repositories\graphics-viz\curves-surfaces\one.vcxproj" (Rebuild target(s)).

Build succeeded.

Time Elapsed 00:00:06.77
