c:\users\ong sze swee\documents\atlassian\repositories\graphics-viz\opengl-mesh-viewer\release\vc140.pdb
c:\users\ong sze swee\documents\atlassian\repositories\graphics-viz\opengl-mesh-viewer\release\vector4f.obj
c:\users\ong sze swee\documents\atlassian\repositories\graphics-viz\opengl-mesh-viewer\release\vector3f.obj
c:\users\ong sze swee\documents\atlassian\repositories\graphics-viz\opengl-mesh-viewer\release\vector2f.obj
c:\users\ong sze swee\documents\atlassian\repositories\graphics-viz\opengl-mesh-viewer\release\quat4f.obj
c:\users\ong sze swee\documents\atlassian\repositories\graphics-viz\opengl-mesh-viewer\release\matrix4f.obj
c:\users\ong sze swee\documents\atlassian\repositories\graphics-viz\opengl-mesh-viewer\release\matrix3f.obj
c:\users\ong sze swee\documents\atlassian\repositories\graphics-viz\opengl-mesh-viewer\release\matrix2f.obj
c:\users\ong sze swee\documents\atlassian\repositories\graphics-viz\opengl-mesh-viewer\release\main.obj
c:\users\ong sze swee\documents\atlassian\repositories\graphics-viz\opengl-mesh-viewer\release\zero.exe
c:\users\ong sze swee\documents\atlassian\repositories\graphics-viz\opengl-mesh-viewer\release\zero.pdb
c:\users\ong sze swee\documents\atlassian\repositories\graphics-viz\opengl-mesh-viewer\release\garg.obj
c:\users\ong sze swee\documents\atlassian\repositories\graphics-viz\opengl-mesh-viewer\release\sphere.obj
c:\users\ong sze swee\documents\atlassian\repositories\graphics-viz\opengl-mesh-viewer\release\torus.obj
c:\users\ong sze swee\documents\atlassian\repositories\graphics-viz\opengl-mesh-viewer\release\zero.tlog\cl.command.1.tlog
c:\users\ong sze swee\documents\atlassian\repositories\graphics-viz\opengl-mesh-viewer\release\zero.tlog\cl.read.1.tlog
c:\users\ong sze swee\documents\atlassian\repositories\graphics-viz\opengl-mesh-viewer\release\zero.tlog\cl.write.1.tlog
c:\users\ong sze swee\documents\atlassian\repositories\graphics-viz\opengl-mesh-viewer\release\zero.tlog\link.command.1.tlog
c:\users\ong sze swee\documents\atlassian\repositories\graphics-viz\opengl-mesh-viewer\release\zero.tlog\link.read.1.tlog
c:\users\ong sze swee\documents\atlassian\repositories\graphics-viz\opengl-mesh-viewer\release\zero.tlog\link.write.1.tlog
