Build started 02/02/2016 22:12:28.
     1>Project "C:\Users\Ong Sze Swee\Documents\Atlassian\Repositories\graphics-viz\opengl-mesh-viewer\zero.vcxproj" on node 2 (Build target(s)).
     1>ClCompile:
         C:\Program Files (x86)\Microsoft Visual Studio\VC\bin\CL.exe /c /Zi /nologo /W3 /WX- /O2 /Oy- /D WIN32 /D NDEBUG /D _WINDOWS /Gm- /EHsc /MD /GS /fp:precise /Zc:wchar_t /Zc:forScope /Zc:inline /Fo"Release\\" /Fd"Release\vc140.pdb" /Gd /TP /analyze- /errorReport:prompt main.cpp
         main.cpp
     1>main.cpp(39): warning C4244: 'argument': conversion from 'double' to 'unsigned int', possible loss of data
     1>main.cpp(84): warning C4244: '=': conversion from 'double' to 'GLfloat', possible loss of data
     1>main.cpp(88): warning C4244: '=': conversion from 'double' to 'GLfloat', possible loss of data
     1>main.cpp(92): warning C4244: '=': conversion from 'double' to 'GLfloat', possible loss of data
     1>main.cpp(96): warning C4244: '=': conversion from 'double' to 'GLfloat', possible loss of data
     1>main.cpp(133): warning C4838: conversion from 'double' to 'GLfloat' requires a narrowing conversion
     1>main.cpp(133): warning C4305: 'initializing': truncation from 'double' to 'GLfloat'
     1>main.cpp(148): warning C4838: conversion from 'double' to 'GLfloat' requires a narrowing conversion
     1>main.cpp(148): warning C4244: 'initializing': conversion from 'double' to 'GLfloat', possible loss of data
       Link:
         C:\Program Files (x86)\Microsoft Visual Studio\VC\bin\link.exe /ERRORREPORT:PROMPT /OUT:"C:\Users\Ong Sze Swee\Documents\Atlassian\Repositories\graphics-viz\opengl-mesh-viewer\Release\zero.exe" /INCREMENTAL /NOLOGO freeglut.lib kernel32.lib user32.lib gdi32.lib winspool.lib comdlg32.lib advapi32.lib shell32.lib ole32.lib oleaut32.lib uuid.lib odbc32.lib odbccp32.lib /MANIFEST /MANIFESTUAC:"level='asInvoker' uiAccess='false'" /manifest:embed /Debug /PDB:"C:\Users\Ong Sze Swee\Documents\Atlassian\Repositories\graphics-viz\opengl-mesh-viewer\Release\zero.pdb" /SUBSYSTEM:CONSOLE /OPT:REF /OPT:ICF /TLBID:1 /DYNAMICBASE /NXCOMPAT /IMPLIB:"C:\Users\Ong Sze Swee\Documents\Atlassian\Repositories\graphics-viz\opengl-mesh-viewer\Release\zero.lib" /MACHINE:X86 /SAFESEH Release\main.obj
         Release\Matrix2f.obj
         Release\Matrix3f.obj
         Release\Matrix4f.obj
         Release\Quat4f.obj
         Release\Vector2f.obj
         Release\Vector3f.obj
         Release\Vector4f.obj
     1>LINK : warning LNK4075: ignoring '/INCREMENTAL' due to '/OPT:ICF' specification
         zero.vcxproj -> C:\Users\Ong Sze Swee\Documents\Atlassian\Repositories\graphics-viz\opengl-mesh-viewer\Release\zero.exe
     1>Done Building Project "C:\Users\Ong Sze Swee\Documents\Atlassian\Repositories\graphics-viz\opengl-mesh-viewer\zero.vcxproj" (Build target(s)).

Build succeeded.

Time Elapsed 00:00:01.56
